2021-06-02 12:06:21.446 INFO  com.zestfulYoghurt.zy.ZyApplication - Starting ZyApplication on zhangyi with PID 13856 (H:\AngularDemo\03_製造\web-app-serve\target\classes started by 860120017 in H:\AngularDemo\03_製造\web-app-serve)
2021-06-02 12:06:21.449 INFO  com.zestfulYoghurt.zy.ZyApplication - No active profile set, falling back to default profiles: default
2021-06-02 12:06:22.343 INFO  o.s.boot.web.embedded.tomcat.TomcatWebServer - Tomcat initialized with port(s): 8080 (http)
2021-06-02 12:06:22.350 INFO  org.apache.coyote.http11.Http11NioProtocol - Initializing ProtocolHandler ["http-nio-8080"]
2021-06-02 12:06:22.351 INFO  org.apache.catalina.core.StandardService - Starting service [Tomcat]
2021-06-02 12:06:22.351 INFO  org.apache.catalina.core.StandardEngine - Starting Servlet engine: [Apache Tomcat/9.0.39]
2021-06-02 12:06:22.432 INFO  o.a.c.core.ContainerBase.[Tomcat].[localhost].[/] - Initializing Spring embedded WebApplicationContext
2021-06-02 12:06:22.433 INFO  o.s.b.w.s.c.ServletWebServerApplicationContext - Root WebApplicationContext: initialization completed in 938 ms
2021-06-02 12:06:22.761 INFO  o.s.scheduling.concurrent.ThreadPoolTaskExecutor - Initializing ExecutorService 'applicationTaskExecutor'
2021-06-02 12:06:22.901 INFO  org.apache.coyote.http11.Http11NioProtocol - Starting ProtocolHandler ["http-nio-8080"]
2021-06-02 12:06:22.922 INFO  o.s.boot.web.embedded.tomcat.TomcatWebServer - Tomcat started on port(s): 8080 (http) with context path ''
2021-06-02 12:06:22.930 INFO  com.zestfulYoghurt.zy.ZyApplication - Started ZyApplication in 1.988 seconds (JVM running for 2.713)
2021-06-02 12:06:44.741 INFO  o.a.c.core.ContainerBase.[Tomcat].[localhost].[/] - Initializing Spring DispatcherServlet 'dispatcherServlet'
2021-06-02 12:06:44.741 INFO  org.springframework.web.servlet.DispatcherServlet - Initializing Servlet 'dispatcherServlet'
2021-06-02 12:06:44.744 INFO  org.springframework.web.servlet.DispatcherServlet - Completed initialization in 3 ms
2021-06-02 12:06:44.864 INFO  com.zaxxer.hikari.HikariDataSource - HikariPool-1 - Starting...
2021-06-02 12:06:45.004 INFO  com.zaxxer.hikari.pool.PoolBase - HikariPool-1 - Driver does not support get/set network timeout for connections. (com.mysql.jdbc.JDBC4Connection.getNetworkTimeout()I)
2021-06-02 12:06:45.007 INFO  com.zaxxer.hikari.HikariDataSource - HikariPool-1 - Start completed.
2021-06-02 12:32:09.728 INFO  com.zestfulYoghurt.zy.ZyApplication - Starting ZyApplication on zhangyi with PID 14164 (H:\AngularDemo\03_製造\web-app-serve\target\classes started by 860120017 in H:\AngularDemo\03_製造\web-app-serve)
2021-06-02 12:32:09.730 INFO  com.zestfulYoghurt.zy.ZyApplication - No active profile set, falling back to default profiles: default
2021-06-02 12:32:09.780 INFO  o.s.b.d.env.DevToolsPropertyDefaultsPostProcessor - Devtools property defaults active! Set 'spring.devtools.add-properties' to 'false' to disable
2021-06-02 12:32:09.780 INFO  o.s.b.d.env.DevToolsPropertyDefaultsPostProcessor - For additional web related logging consider setting the 'logging.level.web' property to 'DEBUG'
2021-06-02 12:32:10.592 INFO  o.s.c.s.PostProcessorRegistrationDelegate$BeanPostProcessorChecker - Bean 'shiroConfiguration' of type [com.zestfulYoghurt.zy.configuration.shiroConfiguration$$EnhancerBySpringCGLIB$$eef2a770] is not eligible for getting processed by all BeanPostProcessors (for example: not eligible for auto-proxying)
2021-06-02 12:32:10.940 INFO  o.s.c.s.PostProcessorRegistrationDelegate$BeanPostProcessorChecker - Bean 'myShiroRealm' of type [com.zestfulYoghurt.zy.shiro.loginRealm] is not eligible for getting processed by all BeanPostProcessors (for example: not eligible for auto-proxying)
2021-06-02 12:32:10.943 INFO  o.s.c.s.PostProcessorRegistrationDelegate$BeanPostProcessorChecker - Bean 'securityManager' of type [org.apache.shiro.web.mgt.DefaultWebSecurityManager] is not eligible for getting processed by all BeanPostProcessors (for example: not eligible for auto-proxying)
2021-06-02 12:32:11.012 INFO  o.s.c.s.PostProcessorRegistrationDelegate$BeanPostProcessorChecker - Bean 'authorizationAttributeSourceAdvisor' of type [org.apache.shiro.spring.security.interceptor.AuthorizationAttributeSourceAdvisor] is not eligible for getting processed by all BeanPostProcessors (for example: not eligible for auto-proxying)
2021-06-02 12:32:11.245 INFO  o.s.boot.web.embedded.tomcat.TomcatWebServer - Tomcat initialized with port(s): 8080 (http)
2021-06-02 12:32:11.260 INFO  org.apache.coyote.http11.Http11NioProtocol - Initializing ProtocolHandler ["http-nio-8080"]
2021-06-02 12:32:11.261 INFO  org.apache.catalina.core.StandardService - Starting service [Tomcat]
2021-06-02 12:32:11.261 INFO  org.apache.catalina.core.StandardEngine - Starting Servlet engine: [Apache Tomcat/9.0.39]
2021-06-02 12:32:11.345 INFO  o.a.c.core.ContainerBase.[Tomcat].[localhost].[/] - Initializing Spring embedded WebApplicationContext
2021-06-02 12:32:11.345 INFO  o.s.b.w.s.c.ServletWebServerApplicationContext - Root WebApplicationContext: initialization completed in 1565 ms
2021-06-02 12:32:11.708 INFO  o.s.scheduling.concurrent.ThreadPoolTaskExecutor - Initializing ExecutorService 'applicationTaskExecutor'
2021-06-02 12:32:11.972 INFO  o.s.b.d.autoconfigure.OptionalLiveReloadServer - LiveReload server is running on port 35729
2021-06-02 12:32:11.987 INFO  org.apache.coyote.http11.Http11NioProtocol - Starting ProtocolHandler ["http-nio-8080"]
2021-06-02 12:32:12.004 INFO  o.s.boot.web.embedded.tomcat.TomcatWebServer - Tomcat started on port(s): 8080 (http) with context path ''
2021-06-02 12:32:12.014 INFO  com.zestfulYoghurt.zy.ZyApplication - Started ZyApplication in 2.726 seconds (JVM running for 3.716)
2021-06-02 12:32:21.043 INFO  o.a.c.core.ContainerBase.[Tomcat].[localhost].[/] - Initializing Spring DispatcherServlet 'dispatcherServlet'
2021-06-02 12:32:21.043 INFO  org.springframework.web.servlet.DispatcherServlet - Initializing Servlet 'dispatcherServlet'
2021-06-02 12:32:21.051 INFO  org.springframework.web.servlet.DispatcherServlet - Completed initialization in 8 ms
2021-06-02 12:33:37.750 INFO  com.zestfulYoghurt.zy.ZyApplication - Starting ZyApplication on zhangyi with PID 22332 (H:\AngularDemo\03_製造\web-app-serve\target\classes started by 860120017 in H:\AngularDemo\03_製造\web-app-serve)
2021-06-02 12:33:37.753 INFO  com.zestfulYoghurt.zy.ZyApplication - No active profile set, falling back to default profiles: default
2021-06-02 12:33:37.798 INFO  o.s.b.d.env.DevToolsPropertyDefaultsPostProcessor - Devtools property defaults active! Set 'spring.devtools.add-properties' to 'false' to disable
2021-06-02 12:33:37.798 INFO  o.s.b.d.env.DevToolsPropertyDefaultsPostProcessor - For additional web related logging consider setting the 'logging.level.web' property to 'DEBUG'
2021-06-02 12:33:38.506 INFO  o.s.c.s.PostProcessorRegistrationDelegate$BeanPostProcessorChecker - Bean 'shiroConfiguration' of type [com.zestfulYoghurt.zy.configuration.shiroConfiguration$$EnhancerBySpringCGLIB$$ecb93264] is not eligible for getting processed by all BeanPostProcessors (for example: not eligible for auto-proxying)
2021-06-02 12:33:38.783 INFO  o.s.c.s.PostProcessorRegistrationDelegate$BeanPostProcessorChecker - Bean 'myShiroRealm' of type [com.zestfulYoghurt.zy.shiro.loginRealm] is not eligible for getting processed by all BeanPostProcessors (for example: not eligible for auto-proxying)
2021-06-02 12:33:38.786 INFO  o.s.c.s.PostProcessorRegistrationDelegate$BeanPostProcessorChecker - Bean 'securityManager' of type [org.apache.shiro.web.mgt.DefaultWebSecurityManager] is not eligible for getting processed by all BeanPostProcessors (for example: not eligible for auto-proxying)
2021-06-02 12:33:38.817 INFO  o.s.c.s.PostProcessorRegistrationDelegate$BeanPostProcessorChecker - Bean 'authorizationAttributeSourceAdvisor' of type [org.apache.shiro.spring.security.interceptor.AuthorizationAttributeSourceAdvisor] is not eligible for getting processed by all BeanPostProcessors (for example: not eligible for auto-proxying)
2021-06-02 12:33:39.052 INFO  o.s.boot.web.embedded.tomcat.TomcatWebServer - Tomcat initialized with port(s): 8080 (http)
2021-06-02 12:33:39.059 INFO  org.apache.coyote.http11.Http11NioProtocol - Initializing ProtocolHandler ["http-nio-8080"]
2021-06-02 12:33:39.059 INFO  org.apache.catalina.core.StandardService - Starting service [Tomcat]
2021-06-02 12:33:39.059 INFO  org.apache.catalina.core.StandardEngine - Starting Servlet engine: [Apache Tomcat/9.0.39]
2021-06-02 12:33:39.151 INFO  o.a.c.core.ContainerBase.[Tomcat].[localhost].[/] - Initializing Spring embedded WebApplicationContext
2021-06-02 12:33:39.151 INFO  o.s.b.w.s.c.ServletWebServerApplicationContext - Root WebApplicationContext: initialization completed in 1353 ms
2021-06-02 12:33:39.570 INFO  o.s.scheduling.concurrent.ThreadPoolTaskExecutor - Initializing ExecutorService 'applicationTaskExecutor'
2021-06-02 12:33:39.851 INFO  o.s.b.d.autoconfigure.OptionalLiveReloadServer - LiveReload server is running on port 35729
2021-06-02 12:33:39.865 INFO  org.apache.coyote.http11.Http11NioProtocol - Starting ProtocolHandler ["http-nio-8080"]
2021-06-02 12:33:39.884 INFO  o.s.boot.web.embedded.tomcat.TomcatWebServer - Tomcat started on port(s): 8080 (http) with context path ''
2021-06-02 12:33:39.893 INFO  com.zestfulYoghurt.zy.ZyApplication - Started ZyApplication in 2.542 seconds (JVM running for 3.4)
2021-06-02 12:33:44.223 INFO  o.a.c.core.ContainerBase.[Tomcat].[localhost].[/] - Initializing Spring DispatcherServlet 'dispatcherServlet'
2021-06-02 12:33:44.224 INFO  org.springframework.web.servlet.DispatcherServlet - Initializing Servlet 'dispatcherServlet'
2021-06-02 12:33:44.232 INFO  org.springframework.web.servlet.DispatcherServlet - Completed initialization in 7 ms
2021-06-02 12:33:44.322 INFO  com.zaxxer.hikari.HikariDataSource - HikariPool-1 - Starting...
2021-06-02 12:33:44.478 INFO  com.zaxxer.hikari.pool.PoolBase - HikariPool-1 - Driver does not support get/set network timeout for connections. (com.mysql.jdbc.JDBC4Connection.getNetworkTimeout()I)
2021-06-02 12:33:44.481 INFO  com.zaxxer.hikari.HikariDataSource - HikariPool-1 - Start completed.
2021-06-02 12:34:27.259 INFO  com.zestfulYoghurt.zy.ZyApplication - Starting ZyApplication on zhangyi with PID 21320 (H:\AngularDemo\03_製造\web-app-serve\target\classes started by 860120017 in H:\AngularDemo\03_製造\web-app-serve)
2021-06-02 12:34:27.262 INFO  com.zestfulYoghurt.zy.ZyApplication - No active profile set, falling back to default profiles: default
2021-06-02 12:34:27.318 INFO  o.s.b.d.env.DevToolsPropertyDefaultsPostProcessor - Devtools property defaults active! Set 'spring.devtools.add-properties' to 'false' to disable
2021-06-02 12:34:27.318 INFO  o.s.b.d.env.DevToolsPropertyDefaultsPostProcessor - For additional web related logging consider setting the 'logging.level.web' property to 'DEBUG'
2021-06-02 12:34:27.951 INFO  o.s.c.s.PostProcessorRegistrationDelegate$BeanPostProcessorChecker - Bean 'shiroConfiguration' of type [com.zestfulYoghurt.zy.configuration.shiroConfiguration$$EnhancerBySpringCGLIB$$75a87c61] is not eligible for getting processed by all BeanPostProcessors (for example: not eligible for auto-proxying)
2021-06-02 12:34:28.204 INFO  o.s.c.s.PostProcessorRegistrationDelegate$BeanPostProcessorChecker - Bean 'myShiroRealm' of type [com.zestfulYoghurt.zy.shiro.loginRealm] is not eligible for getting processed by all BeanPostProcessors (for example: not eligible for auto-proxying)
2021-06-02 12:34:28.207 INFO  o.s.c.s.PostProcessorRegistrationDelegate$BeanPostProcessorChecker - Bean 'securityManager' of type [org.apache.shiro.web.mgt.DefaultWebSecurityManager] is not eligible for getting processed by all BeanPostProcessors (for example: not eligible for auto-proxying)
2021-06-02 12:34:28.244 INFO  o.s.c.s.PostProcessorRegistrationDelegate$BeanPostProcessorChecker - Bean 'authorizationAttributeSourceAdvisor' of type [org.apache.shiro.spring.security.interceptor.AuthorizationAttributeSourceAdvisor] is not eligible for getting processed by all BeanPostProcessors (for example: not eligible for auto-proxying)
2021-06-02 12:34:28.486 INFO  o.s.boot.web.embedded.tomcat.TomcatWebServer - Tomcat initialized with port(s): 8080 (http)
2021-06-02 12:34:28.502 INFO  org.apache.coyote.http11.Http11NioProtocol - Initializing ProtocolHandler ["http-nio-8080"]
2021-06-02 12:34:28.503 INFO  org.apache.catalina.core.StandardService - Starting service [Tomcat]
2021-06-02 12:34:28.503 INFO  org.apache.catalina.core.StandardEngine - Starting Servlet engine: [Apache Tomcat/9.0.39]
2021-06-02 12:34:28.593 INFO  o.a.c.core.ContainerBase.[Tomcat].[localhost].[/] - Initializing Spring embedded WebApplicationContext
2021-06-02 12:34:28.593 INFO  o.s.b.w.s.c.ServletWebServerApplicationContext - Root WebApplicationContext: initialization completed in 1274 ms
2021-06-02 12:34:28.972 INFO  o.s.scheduling.concurrent.ThreadPoolTaskExecutor - Initializing ExecutorService 'applicationTaskExecutor'
2021-06-02 12:34:29.207 INFO  o.s.b.d.autoconfigure.OptionalLiveReloadServer - LiveReload server is running on port 35729
2021-06-02 12:34:29.222 INFO  org.apache.coyote.http11.Http11NioProtocol - Starting ProtocolHandler ["http-nio-8080"]
2021-06-02 12:34:29.243 INFO  o.s.boot.web.embedded.tomcat.TomcatWebServer - Tomcat started on port(s): 8080 (http) with context path ''
2021-06-02 12:34:29.252 INFO  com.zestfulYoghurt.zy.ZyApplication - Started ZyApplication in 2.596 seconds (JVM running for 3.363)
2021-06-02 12:34:37.003 INFO  com.zestfulYoghurt.zy.ZyApplication - Starting ZyApplication on zhangyi with PID 18760 (H:\AngularDemo\03_製造\web-app-serve\target\classes started by 860120017 in H:\AngularDemo\03_製造\web-app-serve)
2021-06-02 12:34:37.006 INFO  com.zestfulYoghurt.zy.ZyApplication - No active profile set, falling back to default profiles: default
2021-06-02 12:34:37.068 INFO  o.s.b.d.env.DevToolsPropertyDefaultsPostProcessor - Devtools property defaults active! Set 'spring.devtools.add-properties' to 'false' to disable
2021-06-02 12:34:37.068 INFO  o.s.b.d.env.DevToolsPropertyDefaultsPostProcessor - For additional web related logging consider setting the 'logging.level.web' property to 'DEBUG'
2021-06-02 12:34:37.745 INFO  o.s.c.s.PostProcessorRegistrationDelegate$BeanPostProcessorChecker - Bean 'shiroConfiguration' of type [com.zestfulYoghurt.zy.configuration.shiroConfiguration$$EnhancerBySpringCGLIB$$4b090eef] is not eligible for getting processed by all BeanPostProcessors (for example: not eligible for auto-proxying)
2021-06-02 12:34:37.988 INFO  o.s.c.s.PostProcessorRegistrationDelegate$BeanPostProcessorChecker - Bean 'myShiroRealm' of type [com.zestfulYoghurt.zy.shiro.loginRealm] is not eligible for getting processed by all BeanPostProcessors (for example: not eligible for auto-proxying)
2021-06-02 12:34:37.991 INFO  o.s.c.s.PostProcessorRegistrationDelegate$BeanPostProcessorChecker - Bean 'securityManager' of type [org.apache.shiro.web.mgt.DefaultWebSecurityManager] is not eligible for getting processed by all BeanPostProcessors (for example: not eligible for auto-proxying)
2021-06-02 12:34:38.021 INFO  o.s.c.s.PostProcessorRegistrationDelegate$BeanPostProcessorChecker - Bean 'authorizationAttributeSourceAdvisor' of type [org.apache.shiro.spring.security.interceptor.AuthorizationAttributeSourceAdvisor] is not eligible for getting processed by all BeanPostProcessors (for example: not eligible for auto-proxying)
2021-06-02 12:34:38.254 INFO  o.s.boot.web.embedded.tomcat.TomcatWebServer - Tomcat initialized with port(s): 8080 (http)
2021-06-02 12:34:38.263 INFO  org.apache.coyote.http11.Http11NioProtocol - Initializing ProtocolHandler ["http-nio-8080"]
2021-06-02 12:34:38.263 INFO  org.apache.catalina.core.StandardService - Starting service [Tomcat]
2021-06-02 12:34:38.263 INFO  org.apache.catalina.core.StandardEngine - Starting Servlet engine: [Apache Tomcat/9.0.39]
2021-06-02 12:34:38.356 INFO  o.a.c.core.ContainerBase.[Tomcat].[localhost].[/] - Initializing Spring embedded WebApplicationContext
2021-06-02 12:34:38.357 INFO  o.s.b.w.s.c.ServletWebServerApplicationContext - Root WebApplicationContext: initialization completed in 1288 ms
2021-06-02 12:34:38.742 INFO  o.s.scheduling.concurrent.ThreadPoolTaskExecutor - Initializing ExecutorService 'applicationTaskExecutor'
2021-06-02 12:34:39.004 INFO  o.s.b.d.autoconfigure.OptionalLiveReloadServer - LiveReload server is running on port 35729
2021-06-02 12:34:39.021 INFO  org.apache.coyote.http11.Http11NioProtocol - Starting ProtocolHandler ["http-nio-8080"]
2021-06-02 12:34:39.039 INFO  o.s.boot.web.embedded.tomcat.TomcatWebServer - Tomcat started on port(s): 8080 (http) with context path ''
2021-06-02 12:34:39.048 INFO  com.zestfulYoghurt.zy.ZyApplication - Started ZyApplication in 2.485 seconds (JVM running for 3.358)
2021-06-02 12:34:44.511 INFO  o.a.c.core.ContainerBase.[Tomcat].[localhost].[/] - Initializing Spring DispatcherServlet 'dispatcherServlet'
2021-06-02 12:34:44.512 INFO  org.springframework.web.servlet.DispatcherServlet - Initializing Servlet 'dispatcherServlet'
2021-06-02 12:34:44.518 INFO  org.springframework.web.servlet.DispatcherServlet - Completed initialization in 6 ms
2021-06-02 12:35:41.281 INFO  com.zestfulYoghurt.zy.ZyApplication - Starting ZyApplication on zhangyi with PID 9916 (H:\AngularDemo\03_製造\web-app-serve\target\classes started by 860120017 in H:\AngularDemo\03_製造\web-app-serve)
2021-06-02 12:35:41.284 INFO  com.zestfulYoghurt.zy.ZyApplication - No active profile set, falling back to default profiles: default
2021-06-02 12:35:41.335 INFO  o.s.b.d.env.DevToolsPropertyDefaultsPostProcessor - Devtools property defaults active! Set 'spring.devtools.add-properties' to 'false' to disable
2021-06-02 12:35:41.335 INFO  o.s.b.d.env.DevToolsPropertyDefaultsPostProcessor - For additional web related logging consider setting the 'logging.level.web' property to 'DEBUG'
2021-06-02 12:35:42.006 INFO  o.s.c.s.PostProcessorRegistrationDelegate$BeanPostProcessorChecker - Bean 'shiroConfiguration' of type [com.zestfulYoghurt.zy.configuration.shiroConfiguration$$EnhancerBySpringCGLIB$$719e878f] is not eligible for getting processed by all BeanPostProcessors (for example: not eligible for auto-proxying)
2021-06-02 12:35:42.277 INFO  o.s.c.s.PostProcessorRegistrationDelegate$BeanPostProcessorChecker - Bean 'myShiroRealm' of type [com.zestfulYoghurt.zy.shiro.loginRealm] is not eligible for getting processed by all BeanPostProcessors (for example: not eligible for auto-proxying)
2021-06-02 12:35:42.280 INFO  o.s.c.s.PostProcessorRegistrationDelegate$BeanPostProcessorChecker - Bean 'securityManager' of type [org.apache.shiro.web.mgt.DefaultWebSecurityManager] is not eligible for getting processed by all BeanPostProcessors (for example: not eligible for auto-proxying)
2021-06-02 12:35:42.312 INFO  o.s.c.s.PostProcessorRegistrationDelegate$BeanPostProcessorChecker - Bean 'authorizationAttributeSourceAdvisor' of type [org.apache.shiro.spring.security.interceptor.AuthorizationAttributeSourceAdvisor] is not eligible for getting processed by all BeanPostProcessors (for example: not eligible for auto-proxying)
2021-06-02 12:35:42.560 INFO  o.s.boot.web.embedded.tomcat.TomcatWebServer - Tomcat initialized with port(s): 8080 (http)
2021-06-02 12:35:42.576 INFO  org.apache.coyote.http11.Http11NioProtocol - Initializing ProtocolHandler ["http-nio-8080"]
2021-06-02 12:35:42.577 INFO  org.apache.catalina.core.StandardService - Starting service [Tomcat]
2021-06-02 12:35:42.577 INFO  org.apache.catalina.core.StandardEngine - Starting Servlet engine: [Apache Tomcat/9.0.39]
2021-06-02 12:35:42.663 INFO  o.a.c.core.ContainerBase.[Tomcat].[localhost].[/] - Initializing Spring embedded WebApplicationContext
2021-06-02 12:35:42.663 INFO  o.s.b.w.s.c.ServletWebServerApplicationContext - Root WebApplicationContext: initialization completed in 1328 ms
2021-06-02 12:35:43.047 INFO  o.s.scheduling.concurrent.ThreadPoolTaskExecutor - Initializing ExecutorService 'applicationTaskExecutor'
2021-06-02 12:35:43.341 INFO  o.s.b.d.autoconfigure.OptionalLiveReloadServer - LiveReload server is running on port 35729
2021-06-02 12:35:43.357 INFO  org.apache.coyote.http11.Http11NioProtocol - Starting ProtocolHandler ["http-nio-8080"]
2021-06-02 12:35:43.375 INFO  o.s.boot.web.embedded.tomcat.TomcatWebServer - Tomcat started on port(s): 8080 (http) with context path ''
2021-06-02 12:35:43.384 INFO  com.zestfulYoghurt.zy.ZyApplication - Started ZyApplication in 2.534 seconds (JVM running for 3.372)
2021-06-02 12:35:50.844 INFO  o.a.c.core.ContainerBase.[Tomcat].[localhost].[/] - Initializing Spring DispatcherServlet 'dispatcherServlet'
2021-06-02 12:35:50.845 INFO  org.springframework.web.servlet.DispatcherServlet - Initializing Servlet 'dispatcherServlet'
2021-06-02 12:35:50.851 INFO  org.springframework.web.servlet.DispatcherServlet - Completed initialization in 6 ms
2021-06-02 12:35:50.927 INFO  com.zaxxer.hikari.HikariDataSource - HikariPool-1 - Starting...
2021-06-02 12:35:51.072 INFO  com.zaxxer.hikari.pool.PoolBase - HikariPool-1 - Driver does not support get/set network timeout for connections. (com.mysql.jdbc.JDBC4Connection.getNetworkTimeout()I)
2021-06-02 12:35:51.075 INFO  com.zaxxer.hikari.HikariDataSource - HikariPool-1 - Start completed.
2021-06-02 12:37:06.962 INFO  com.zestfulYoghurt.zy.ZyApplication - Starting ZyApplication on zhangyi with PID 25724 (H:\AngularDemo\03_製造\web-app-serve\target\classes started by 860120017 in H:\AngularDemo\03_製造\web-app-serve)
2021-06-02 12:37:06.965 INFO  com.zestfulYoghurt.zy.ZyApplication - No active profile set, falling back to default profiles: default
2021-06-02 12:37:07.015 INFO  o.s.b.d.env.DevToolsPropertyDefaultsPostProcessor - Devtools property defaults active! Set 'spring.devtools.add-properties' to 'false' to disable
2021-06-02 12:37:07.015 INFO  o.s.b.d.env.DevToolsPropertyDefaultsPostProcessor - For additional web related logging consider setting the 'logging.level.web' property to 'DEBUG'
2021-06-02 12:37:07.621 INFO  o.s.c.s.PostProcessorRegistrationDelegate$BeanPostProcessorChecker - Bean 'shiroConfiguration' of type [com.zestfulYoghurt.zy.configuration.shiroConfiguration$$EnhancerBySpringCGLIB$$98b10c2c] is not eligible for getting processed by all BeanPostProcessors (for example: not eligible for auto-proxying)
2021-06-02 12:37:07.869 INFO  o.s.c.s.PostProcessorRegistrationDelegate$BeanPostProcessorChecker - Bean 'myShiroRealm' of type [com.zestfulYoghurt.zy.shiro.loginRealm] is not eligible for getting processed by all BeanPostProcessors (for example: not eligible for auto-proxying)
2021-06-02 12:37:07.872 INFO  o.s.c.s.PostProcessorRegistrationDelegate$BeanPostProcessorChecker - Bean 'securityManager' of type [org.apache.shiro.web.mgt.DefaultWebSecurityManager] is not eligible for getting processed by all BeanPostProcessors (for example: not eligible for auto-proxying)
2021-06-02 12:37:07.901 INFO  o.s.c.s.PostProcessorRegistrationDelegate$BeanPostProcessorChecker - Bean 'authorizationAttributeSourceAdvisor' of type [org.apache.shiro.spring.security.interceptor.AuthorizationAttributeSourceAdvisor] is not eligible for getting processed by all BeanPostProcessors (for example: not eligible for auto-proxying)
2021-06-02 12:37:08.122 INFO  o.s.boot.web.embedded.tomcat.TomcatWebServer - Tomcat initialized with port(s): 8080 (http)
2021-06-02 12:37:08.128 INFO  org.apache.coyote.http11.Http11NioProtocol - Initializing ProtocolHandler ["http-nio-8080"]
2021-06-02 12:37:08.130 INFO  org.apache.catalina.core.StandardService - Starting service [Tomcat]
2021-06-02 12:37:08.130 INFO  org.apache.catalina.core.StandardEngine - Starting Servlet engine: [Apache Tomcat/9.0.39]
2021-06-02 12:37:08.221 INFO  o.a.c.core.ContainerBase.[Tomcat].[localhost].[/] - Initializing Spring embedded WebApplicationContext
2021-06-02 12:37:08.221 INFO  o.s.b.w.s.c.ServletWebServerApplicationContext - Root WebApplicationContext: initialization completed in 1205 ms
2021-06-02 12:37:08.613 INFO  o.s.scheduling.concurrent.ThreadPoolTaskExecutor - Initializing ExecutorService 'applicationTaskExecutor'
2021-06-02 12:37:08.842 INFO  o.s.b.d.autoconfigure.OptionalLiveReloadServer - LiveReload server is running on port 35729
2021-06-02 12:37:08.857 INFO  org.apache.coyote.http11.Http11NioProtocol - Starting ProtocolHandler ["http-nio-8080"]
2021-06-02 12:37:08.875 INFO  o.s.boot.web.embedded.tomcat.TomcatWebServer - Tomcat started on port(s): 8080 (http) with context path ''
2021-06-02 12:37:08.883 INFO  com.zestfulYoghurt.zy.ZyApplication - Started ZyApplication in 2.313 seconds (JVM running for 3.11)
2021-06-02 12:37:13.199 INFO  o.a.c.core.ContainerBase.[Tomcat].[localhost].[/] - Initializing Spring DispatcherServlet 'dispatcherServlet'
2021-06-02 12:37:13.199 INFO  org.springframework.web.servlet.DispatcherServlet - Initializing Servlet 'dispatcherServlet'
2021-06-02 12:37:13.206 INFO  org.springframework.web.servlet.DispatcherServlet - Completed initialization in 6 ms
2021-06-02 12:37:13.290 INFO  com.zaxxer.hikari.HikariDataSource - HikariPool-1 - Starting...
2021-06-02 12:37:13.452 INFO  com.zaxxer.hikari.pool.PoolBase - HikariPool-1 - Driver does not support get/set network timeout for connections. (com.mysql.jdbc.JDBC4Connection.getNetworkTimeout()I)
2021-06-02 12:37:13.456 INFO  com.zaxxer.hikari.HikariDataSource - HikariPool-1 - Start completed.
2021-06-02 15:04:02.138 INFO  com.zestfulYoghurt.zy.ZyApplication - Starting ZyApplication on zhangyi with PID 22132 (H:\AngularDemo\03_製造\web-app-serve\target\classes started by 860120017 in H:\AngularDemo\03_製造\web-app-serve)
2021-06-02 15:04:02.140 INFO  com.zestfulYoghurt.zy.ZyApplication - No active profile set, falling back to default profiles: default
2021-06-02 15:04:02.196 INFO  o.s.b.d.env.DevToolsPropertyDefaultsPostProcessor - Devtools property defaults active! Set 'spring.devtools.add-properties' to 'false' to disable
2021-06-02 15:04:02.197 INFO  o.s.b.d.env.DevToolsPropertyDefaultsPostProcessor - For additional web related logging consider setting the 'logging.level.web' property to 'DEBUG'
2021-06-02 15:04:02.942 INFO  o.s.c.s.PostProcessorRegistrationDelegate$BeanPostProcessorChecker - Bean 'shiroConfiguration' of type [com.zestfulYoghurt.zy.configuration.shiroConfiguration$$EnhancerBySpringCGLIB$$c6a22385] is not eligible for getting processed by all BeanPostProcessors (for example: not eligible for auto-proxying)
2021-06-02 15:04:03.286 INFO  o.s.c.s.PostProcessorRegistrationDelegate$BeanPostProcessorChecker - Bean 'myShiroRealm' of type [com.zestfulYoghurt.zy.shiro.loginRealm] is not eligible for getting processed by all BeanPostProcessors (for example: not eligible for auto-proxying)
2021-06-02 15:04:03.289 INFO  o.s.c.s.PostProcessorRegistrationDelegate$BeanPostProcessorChecker - Bean 'securityManager' of type [org.apache.shiro.web.mgt.DefaultWebSecurityManager] is not eligible for getting processed by all BeanPostProcessors (for example: not eligible for auto-proxying)
2021-06-02 15:04:03.340 INFO  o.s.c.s.PostProcessorRegistrationDelegate$BeanPostProcessorChecker - Bean 'authorizationAttributeSourceAdvisor' of type [org.apache.shiro.spring.security.interceptor.AuthorizationAttributeSourceAdvisor] is not eligible for getting processed by all BeanPostProcessors (for example: not eligible for auto-proxying)
2021-06-02 15:04:03.595 INFO  o.s.boot.web.embedded.tomcat.TomcatWebServer - Tomcat initialized with port(s): 8080 (http)
2021-06-02 15:04:03.608 INFO  org.apache.coyote.http11.Http11NioProtocol - Initializing ProtocolHandler ["http-nio-8080"]
2021-06-02 15:04:03.609 INFO  org.apache.catalina.core.StandardService - Starting service [Tomcat]
2021-06-02 15:04:03.609 INFO  org.apache.catalina.core.StandardEngine - Starting Servlet engine: [Apache Tomcat/9.0.39]
2021-06-02 15:04:03.711 INFO  o.a.c.core.ContainerBase.[Tomcat].[localhost].[/] - Initializing Spring embedded WebApplicationContext
2021-06-02 15:04:03.711 INFO  o.s.b.w.s.c.ServletWebServerApplicationContext - Root WebApplicationContext: initialization completed in 1513 ms
2021-06-02 15:04:04.100 INFO  o.s.scheduling.concurrent.ThreadPoolTaskExecutor - Initializing ExecutorService 'applicationTaskExecutor'
2021-06-02 15:04:04.332 INFO  o.s.b.d.autoconfigure.OptionalLiveReloadServer - LiveReload server is running on port 35729
2021-06-02 15:04:04.363 INFO  org.apache.coyote.http11.Http11NioProtocol - Starting ProtocolHandler ["http-nio-8080"]
2021-06-02 15:04:04.384 INFO  o.s.boot.web.embedded.tomcat.TomcatWebServer - Tomcat started on port(s): 8080 (http) with context path ''
2021-06-02 15:04:04.393 INFO  com.zestfulYoghurt.zy.ZyApplication - Started ZyApplication in 2.737 seconds (JVM running for 3.631)
2021-06-02 15:04:09.688 INFO  o.a.c.core.ContainerBase.[Tomcat].[localhost].[/] - Initializing Spring DispatcherServlet 'dispatcherServlet'
2021-06-02 15:04:09.688 INFO  org.springframework.web.servlet.DispatcherServlet - Initializing Servlet 'dispatcherServlet'
2021-06-02 15:04:09.697 INFO  org.springframework.web.servlet.DispatcherServlet - Completed initialization in 9 ms
2021-06-02 15:04:37.351 INFO  com.zestfulYoghurt.zy.ZyApplication - Starting ZyApplication on zhangyi with PID 24808 (H:\AngularDemo\03_製造\web-app-serve\target\classes started by 860120017 in H:\AngularDemo\03_製造\web-app-serve)
2021-06-02 15:04:37.354 INFO  com.zestfulYoghurt.zy.ZyApplication - No active profile set, falling back to default profiles: default
2021-06-02 15:04:37.419 INFO  o.s.b.d.env.DevToolsPropertyDefaultsPostProcessor - Devtools property defaults active! Set 'spring.devtools.add-properties' to 'false' to disable
2021-06-02 15:04:37.419 INFO  o.s.b.d.env.DevToolsPropertyDefaultsPostProcessor - For additional web related logging consider setting the 'logging.level.web' property to 'DEBUG'
2021-06-02 15:04:38.128 INFO  o.s.c.s.PostProcessorRegistrationDelegate$BeanPostProcessorChecker - Bean 'shiroConfiguration' of type [com.zestfulYoghurt.zy.configuration.shiroConfiguration$$EnhancerBySpringCGLIB$$2d3afdae] is not eligible for getting processed by all BeanPostProcessors (for example: not eligible for auto-proxying)
2021-06-02 15:04:38.387 INFO  o.s.c.s.PostProcessorRegistrationDelegate$BeanPostProcessorChecker - Bean 'myShiroRealm' of type [com.zestfulYoghurt.zy.shiro.loginRealm] is not eligible for getting processed by all BeanPostProcessors (for example: not eligible for auto-proxying)
2021-06-02 15:04:38.390 INFO  o.s.c.s.PostProcessorRegistrationDelegate$BeanPostProcessorChecker - Bean 'securityManager' of type [org.apache.shiro.web.mgt.DefaultWebSecurityManager] is not eligible for getting processed by all BeanPostProcessors (for example: not eligible for auto-proxying)
2021-06-02 15:04:38.422 INFO  o.s.c.s.PostProcessorRegistrationDelegate$BeanPostProcessorChecker - Bean 'authorizationAttributeSourceAdvisor' of type [org.apache.shiro.spring.security.interceptor.AuthorizationAttributeSourceAdvisor] is not eligible for getting processed by all BeanPostProcessors (for example: not eligible for auto-proxying)
2021-06-02 15:04:38.671 INFO  o.s.boot.web.embedded.tomcat.TomcatWebServer - Tomcat initialized with port(s): 8080 (http)
2021-06-02 15:04:38.676 INFO  org.apache.coyote.http11.Http11NioProtocol - Initializing ProtocolHandler ["http-nio-8080"]
2021-06-02 15:04:38.677 INFO  org.apache.catalina.core.StandardService - Starting service [Tomcat]
2021-06-02 15:04:38.678 INFO  org.apache.catalina.core.StandardEngine - Starting Servlet engine: [Apache Tomcat/9.0.39]
2021-06-02 15:04:38.794 INFO  o.a.c.core.ContainerBase.[Tomcat].[localhost].[/] - Initializing Spring embedded WebApplicationContext
2021-06-02 15:04:38.794 INFO  o.s.b.w.s.c.ServletWebServerApplicationContext - Root WebApplicationContext: initialization completed in 1374 ms
2021-06-02 15:04:39.199 INFO  o.s.scheduling.concurrent.ThreadPoolTaskExecutor - Initializing ExecutorService 'applicationTaskExecutor'
2021-06-02 15:04:39.439 INFO  o.s.b.d.autoconfigure.OptionalLiveReloadServer - LiveReload server is running on port 35729
2021-06-02 15:04:39.454 INFO  org.apache.coyote.http11.Http11NioProtocol - Starting ProtocolHandler ["http-nio-8080"]
2021-06-02 15:04:39.473 INFO  o.s.boot.web.embedded.tomcat.TomcatWebServer - Tomcat started on port(s): 8080 (http) with context path ''
2021-06-02 15:04:39.481 INFO  com.zestfulYoghurt.zy.ZyApplication - Started ZyApplication in 2.586 seconds (JVM running for 3.467)
2021-06-02 15:04:42.492 INFO  o.a.c.core.ContainerBase.[Tomcat].[localhost].[/] - Initializing Spring DispatcherServlet 'dispatcherServlet'
2021-06-02 15:04:42.492 INFO  org.springframework.web.servlet.DispatcherServlet - Initializing Servlet 'dispatcherServlet'
2021-06-02 15:04:42.501 INFO  org.springframework.web.servlet.DispatcherServlet - Completed initialization in 9 ms
2021-06-02 15:04:43.695 INFO  com.zaxxer.hikari.HikariDataSource - HikariPool-1 - Starting...
2021-06-02 15:04:43.906 INFO  com.zaxxer.hikari.pool.PoolBase - HikariPool-1 - Driver does not support get/set network timeout for connections. (com.mysql.jdbc.JDBC4Connection.getNetworkTimeout()I)
2021-06-02 15:04:43.918 INFO  com.zaxxer.hikari.HikariDataSource - HikariPool-1 - Start completed.
2021-06-02 15:07:59.836 INFO  com.zestfulYoghurt.zy.ZyApplication - Starting ZyApplication on zhangyi with PID 4452 (H:\AngularDemo\03_製造\web-app-serve\target\classes started by 860120017 in H:\AngularDemo\03_製造\web-app-serve)
2021-06-02 15:07:59.839 INFO  com.zestfulYoghurt.zy.ZyApplication - No active profile set, falling back to default profiles: default
2021-06-02 15:07:59.886 INFO  o.s.b.d.env.DevToolsPropertyDefaultsPostProcessor - Devtools property defaults active! Set 'spring.devtools.add-properties' to 'false' to disable
2021-06-02 15:07:59.887 INFO  o.s.b.d.env.DevToolsPropertyDefaultsPostProcessor - For additional web related logging consider setting the 'logging.level.web' property to 'DEBUG'
2021-06-02 15:08:00.623 INFO  o.s.c.s.PostProcessorRegistrationDelegate$BeanPostProcessorChecker - Bean 'shiroConfiguration' of type [com.zestfulYoghurt.zy.configuration.shiroConfiguration$$EnhancerBySpringCGLIB$$4b090eef] is not eligible for getting processed by all BeanPostProcessors (for example: not eligible for auto-proxying)
2021-06-02 15:08:00.900 INFO  o.s.c.s.PostProcessorRegistrationDelegate$BeanPostProcessorChecker - Bean 'myShiroRealm' of type [com.zestfulYoghurt.zy.shiro.loginRealm] is not eligible for getting processed by all BeanPostProcessors (for example: not eligible for auto-proxying)
2021-06-02 15:08:00.903 INFO  o.s.c.s.PostProcessorRegistrationDelegate$BeanPostProcessorChecker - Bean 'securityManager' of type [org.apache.shiro.web.mgt.DefaultWebSecurityManager] is not eligible for getting processed by all BeanPostProcessors (for example: not eligible for auto-proxying)
2021-06-02 15:08:00.939 INFO  o.s.c.s.PostProcessorRegistrationDelegate$BeanPostProcessorChecker - Bean 'authorizationAttributeSourceAdvisor' of type [org.apache.shiro.spring.security.interceptor.AuthorizationAttributeSourceAdvisor] is not eligible for getting processed by all BeanPostProcessors (for example: not eligible for auto-proxying)
2021-06-02 15:08:01.202 INFO  o.s.boot.web.embedded.tomcat.TomcatWebServer - Tomcat initialized with port(s): 8080 (http)
2021-06-02 15:08:01.207 INFO  org.apache.coyote.http11.Http11NioProtocol - Initializing ProtocolHandler ["http-nio-8080"]
2021-06-02 15:08:01.208 INFO  org.apache.catalina.core.StandardService - Starting service [Tomcat]
2021-06-02 15:08:01.208 INFO  org.apache.catalina.core.StandardEngine - Starting Servlet engine: [Apache Tomcat/9.0.39]
2021-06-02 15:08:01.304 INFO  o.a.c.core.ContainerBase.[Tomcat].[localhost].[/] - Initializing Spring embedded WebApplicationContext
2021-06-02 15:08:01.304 INFO  o.s.b.w.s.c.ServletWebServerApplicationContext - Root WebApplicationContext: initialization completed in 1417 ms
2021-06-02 15:08:01.694 INFO  o.s.scheduling.concurrent.ThreadPoolTaskExecutor - Initializing ExecutorService 'applicationTaskExecutor'
2021-06-02 15:08:01.940 INFO  o.s.b.d.autoconfigure.OptionalLiveReloadServer - LiveReload server is running on port 35729
2021-06-02 15:08:01.955 INFO  org.apache.coyote.http11.Http11NioProtocol - Starting ProtocolHandler ["http-nio-8080"]
2021-06-02 15:08:01.972 INFO  o.s.boot.web.embedded.tomcat.TomcatWebServer - Tomcat started on port(s): 8080 (http) with context path ''
2021-06-02 15:08:01.981 INFO  com.zestfulYoghurt.zy.ZyApplication - Started ZyApplication in 2.579 seconds (JVM running for 3.631)
2021-06-02 15:08:07.005 INFO  o.a.c.core.ContainerBase.[Tomcat].[localhost].[/] - Initializing Spring DispatcherServlet 'dispatcherServlet'
2021-06-02 15:08:07.005 INFO  org.springframework.web.servlet.DispatcherServlet - Initializing Servlet 'dispatcherServlet'
2021-06-02 15:08:07.010 INFO  org.springframework.web.servlet.DispatcherServlet - Completed initialization in 5 ms
2021-06-02 15:08:07.085 INFO  com.zaxxer.hikari.HikariDataSource - HikariPool-1 - Starting...
2021-06-02 15:08:07.211 INFO  com.zaxxer.hikari.pool.PoolBase - HikariPool-1 - Driver does not support get/set network timeout for connections. (com.mysql.jdbc.JDBC4Connection.getNetworkTimeout()I)
2021-06-02 15:08:07.216 INFO  com.zaxxer.hikari.HikariDataSource - HikariPool-1 - Start completed.
2021-06-02 15:08:38.148 INFO  com.zestfulYoghurt.zy.ZyApplication - Starting ZyApplication on zhangyi with PID 24248 (H:\AngularDemo\03_製造\web-app-serve\target\classes started by 860120017 in H:\AngularDemo\03_製造\web-app-serve)
2021-06-02 15:08:38.150 INFO  com.zestfulYoghurt.zy.ZyApplication - No active profile set, falling back to default profiles: default
2021-06-02 15:08:38.198 INFO  o.s.b.d.env.DevToolsPropertyDefaultsPostProcessor - Devtools property defaults active! Set 'spring.devtools.add-properties' to 'false' to disable
2021-06-02 15:08:38.198 INFO  o.s.b.d.env.DevToolsPropertyDefaultsPostProcessor - For additional web related logging consider setting the 'logging.level.web' property to 'DEBUG'
2021-06-02 15:08:38.859 INFO  o.s.c.s.PostProcessorRegistrationDelegate$BeanPostProcessorChecker - Bean 'shiroConfiguration' of type [com.zestfulYoghurt.zy.configuration.shiroConfiguration$$EnhancerBySpringCGLIB$$c7a45854] is not eligible for getting processed by all BeanPostProcessors (for example: not eligible for auto-proxying)
2021-06-02 15:08:39.107 INFO  o.s.c.s.PostProcessorRegistrationDelegate$BeanPostProcessorChecker - Bean 'myShiroRealm' of type [com.zestfulYoghurt.zy.shiro.loginRealm] is not eligible for getting processed by all BeanPostProcessors (for example: not eligible for auto-proxying)
2021-06-02 15:08:39.109 INFO  o.s.c.s.PostProcessorRegistrationDelegate$BeanPostProcessorChecker - Bean 'securityManager' of type [org.apache.shiro.web.mgt.DefaultWebSecurityManager] is not eligible for getting processed by all BeanPostProcessors (for example: not eligible for auto-proxying)
2021-06-02 15:08:39.138 INFO  o.s.c.s.PostProcessorRegistrationDelegate$BeanPostProcessorChecker - Bean 'authorizationAttributeSourceAdvisor' of type [org.apache.shiro.spring.security.interceptor.AuthorizationAttributeSourceAdvisor] is not eligible for getting processed by all BeanPostProcessors (for example: not eligible for auto-proxying)
2021-06-02 15:08:39.345 INFO  o.s.boot.web.embedded.tomcat.TomcatWebServer - Tomcat initialized with port(s): 8080 (http)
2021-06-02 15:08:39.351 INFO  org.apache.coyote.http11.Http11NioProtocol - Initializing ProtocolHandler ["http-nio-8080"]
2021-06-02 15:08:39.351 INFO  org.apache.catalina.core.StandardService - Starting service [Tomcat]
2021-06-02 15:08:39.352 INFO  org.apache.catalina.core.StandardEngine - Starting Servlet engine: [Apache Tomcat/9.0.39]
2021-06-02 15:08:39.455 INFO  o.a.c.core.ContainerBase.[Tomcat].[localhost].[/] - Initializing Spring embedded WebApplicationContext
2021-06-02 15:08:39.455 INFO  o.s.b.w.s.c.ServletWebServerApplicationContext - Root WebApplicationContext: initialization completed in 1256 ms
2021-06-02 15:08:39.849 INFO  o.s.scheduling.concurrent.ThreadPoolTaskExecutor - Initializing ExecutorService 'applicationTaskExecutor'
2021-06-02 15:08:40.105 INFO  o.s.b.d.autoconfigure.OptionalLiveReloadServer - LiveReload server is running on port 35729
2021-06-02 15:08:40.121 INFO  org.apache.coyote.http11.Http11NioProtocol - Starting ProtocolHandler ["http-nio-8080"]
2021-06-02 15:08:40.139 INFO  o.s.boot.web.embedded.tomcat.TomcatWebServer - Tomcat started on port(s): 8080 (http) with context path ''
2021-06-02 15:08:40.155 INFO  com.zestfulYoghurt.zy.ZyApplication - Started ZyApplication in 2.423 seconds (JVM running for 3.283)
2021-06-02 15:08:47.547 INFO  o.a.c.core.ContainerBase.[Tomcat].[localhost].[/] - Initializing Spring DispatcherServlet 'dispatcherServlet'
2021-06-02 15:08:47.547 INFO  org.springframework.web.servlet.DispatcherServlet - Initializing Servlet 'dispatcherServlet'
2021-06-02 15:08:47.552 INFO  org.springframework.web.servlet.DispatcherServlet - Completed initialization in 5 ms
2021-06-02 15:09:50.980 INFO  com.zestfulYoghurt.zy.ZyApplication - Starting ZyApplication on zhangyi with PID 20716 (H:\AngularDemo\03_製造\web-app-serve\target\classes started by 860120017 in H:\AngularDemo\03_製造\web-app-serve)
2021-06-02 15:09:50.982 INFO  com.zestfulYoghurt.zy.ZyApplication - No active profile set, falling back to default profiles: default
2021-06-02 15:09:51.029 INFO  o.s.b.d.env.DevToolsPropertyDefaultsPostProcessor - Devtools property defaults active! Set 'spring.devtools.add-properties' to 'false' to disable
2021-06-02 15:09:51.030 INFO  o.s.b.d.env.DevToolsPropertyDefaultsPostProcessor - For additional web related logging consider setting the 'logging.level.web' property to 'DEBUG'
2021-06-02 15:09:51.688 INFO  o.s.c.s.PostProcessorRegistrationDelegate$BeanPostProcessorChecker - Bean 'shiroConfiguration' of type [com.zestfulYoghurt.zy.configuration.shiroConfiguration$$EnhancerBySpringCGLIB$$9f82d45b] is not eligible for getting processed by all BeanPostProcessors (for example: not eligible for auto-proxying)
2021-06-02 15:09:51.938 INFO  o.s.c.s.PostProcessorRegistrationDelegate$BeanPostProcessorChecker - Bean 'myShiroRealm' of type [com.zestfulYoghurt.zy.shiro.loginRealm] is not eligible for getting processed by all BeanPostProcessors (for example: not eligible for auto-proxying)
2021-06-02 15:09:51.941 INFO  o.s.c.s.PostProcessorRegistrationDelegate$BeanPostProcessorChecker - Bean 'securityManager' of type [org.apache.shiro.web.mgt.DefaultWebSecurityManager] is not eligible for getting processed by all BeanPostProcessors (for example: not eligible for auto-proxying)
2021-06-02 15:09:51.974 INFO  o.s.c.s.PostProcessorRegistrationDelegate$BeanPostProcessorChecker - Bean 'authorizationAttributeSourceAdvisor' of type [org.apache.shiro.spring.security.interceptor.AuthorizationAttributeSourceAdvisor] is not eligible for getting processed by all BeanPostProcessors (for example: not eligible for auto-proxying)
2021-06-02 15:09:52.185 INFO  o.s.boot.web.embedded.tomcat.TomcatWebServer - Tomcat initialized with port(s): 8080 (http)
2021-06-02 15:09:52.192 INFO  org.apache.coyote.http11.Http11NioProtocol - Initializing ProtocolHandler ["http-nio-8080"]
2021-06-02 15:09:52.192 INFO  org.apache.catalina.core.StandardService - Starting service [Tomcat]
2021-06-02 15:09:52.192 INFO  org.apache.catalina.core.StandardEngine - Starting Servlet engine: [Apache Tomcat/9.0.39]
2021-06-02 15:09:52.285 INFO  o.a.c.core.ContainerBase.[Tomcat].[localhost].[/] - Initializing Spring embedded WebApplicationContext
2021-06-02 15:09:52.286 INFO  o.s.b.w.s.c.ServletWebServerApplicationContext - Root WebApplicationContext: initialization completed in 1256 ms
2021-06-02 15:09:52.655 INFO  o.s.scheduling.concurrent.ThreadPoolTaskExecutor - Initializing ExecutorService 'applicationTaskExecutor'
2021-06-02 15:09:52.897 INFO  o.s.b.d.autoconfigure.OptionalLiveReloadServer - LiveReload server is running on port 35729
2021-06-02 15:09:52.914 INFO  org.apache.coyote.http11.Http11NioProtocol - Starting ProtocolHandler ["http-nio-8080"]
2021-06-02 15:09:52.933 INFO  o.s.boot.web.embedded.tomcat.TomcatWebServer - Tomcat started on port(s): 8080 (http) with context path ''
2021-06-02 15:09:52.942 INFO  com.zestfulYoghurt.zy.ZyApplication - Started ZyApplication in 2.382 seconds (JVM running for 3.168)
2021-06-02 15:09:58.077 INFO  o.a.c.core.ContainerBase.[Tomcat].[localhost].[/] - Initializing Spring DispatcherServlet 'dispatcherServlet'
2021-06-02 15:09:58.077 INFO  org.springframework.web.servlet.DispatcherServlet - Initializing Servlet 'dispatcherServlet'
2021-06-02 15:09:58.084 INFO  org.springframework.web.servlet.DispatcherServlet - Completed initialization in 7 ms
2021-06-02 15:09:58.170 INFO  com.zaxxer.hikari.HikariDataSource - HikariPool-1 - Starting...
2021-06-02 15:09:58.316 INFO  com.zaxxer.hikari.pool.PoolBase - HikariPool-1 - Driver does not support get/set network timeout for connections. (com.mysql.jdbc.JDBC4Connection.getNetworkTimeout()I)
2021-06-02 15:09:58.320 INFO  com.zaxxer.hikari.HikariDataSource - HikariPool-1 - Start completed.
2021-06-02 15:15:36.372 INFO  com.zestfulYoghurt.zy.ZyApplication - Starting ZyApplication on zhangyi with PID 26368 (H:\AngularDemo\03_製造\web-app-serve\target\classes started by 860120017 in H:\AngularDemo\03_製造\web-app-serve)
2021-06-02 15:15:36.375 INFO  com.zestfulYoghurt.zy.ZyApplication - No active profile set, falling back to default profiles: default
2021-06-02 15:15:36.420 INFO  o.s.b.d.env.DevToolsPropertyDefaultsPostProcessor - Devtools property defaults active! Set 'spring.devtools.add-properties' to 'false' to disable
2021-06-02 15:15:36.420 INFO  o.s.b.d.env.DevToolsPropertyDefaultsPostProcessor - For additional web related logging consider setting the 'logging.level.web' property to 'DEBUG'
2021-06-02 15:15:37.112 INFO  o.s.c.s.PostProcessorRegistrationDelegate$BeanPostProcessorChecker - Bean 'shiroConfiguration' of type [com.zestfulYoghurt.zy.configuration.shiroConfiguration$$EnhancerBySpringCGLIB$$4cb9bd48] is not eligible for getting processed by all BeanPostProcessors (for example: not eligible for auto-proxying)
2021-06-02 15:15:37.369 INFO  o.s.c.s.PostProcessorRegistrationDelegate$BeanPostProcessorChecker - Bean 'myShiroRealm' of type [com.zestfulYoghurt.zy.shiro.loginRealm] is not eligible for getting processed by all BeanPostProcessors (for example: not eligible for auto-proxying)
2021-06-02 15:15:37.372 INFO  o.s.c.s.PostProcessorRegistrationDelegate$BeanPostProcessorChecker - Bean 'securityManager' of type [org.apache.shiro.web.mgt.DefaultWebSecurityManager] is not eligible for getting processed by all BeanPostProcessors (for example: not eligible for auto-proxying)
2021-06-02 15:15:37.406 INFO  o.s.c.s.PostProcessorRegistrationDelegate$BeanPostProcessorChecker - Bean 'authorizationAttributeSourceAdvisor' of type [org.apache.shiro.spring.security.interceptor.AuthorizationAttributeSourceAdvisor] is not eligible for getting processed by all BeanPostProcessors (for example: not eligible for auto-proxying)
2021-06-02 15:15:37.639 INFO  o.s.boot.web.embedded.tomcat.TomcatWebServer - Tomcat initialized with port(s): 8080 (http)
2021-06-02 15:15:37.647 INFO  org.apache.coyote.http11.Http11NioProtocol - Initializing ProtocolHandler ["http-nio-8080"]
2021-06-02 15:15:37.647 INFO  org.apache.catalina.core.StandardService - Starting service [Tomcat]
2021-06-02 15:15:37.647 INFO  org.apache.catalina.core.StandardEngine - Starting Servlet engine: [Apache Tomcat/9.0.39]
2021-06-02 15:15:37.734 INFO  o.a.c.core.ContainerBase.[Tomcat].[localhost].[/] - Initializing Spring embedded WebApplicationContext
2021-06-02 15:15:37.734 INFO  o.s.b.w.s.c.ServletWebServerApplicationContext - Root WebApplicationContext: initialization completed in 1314 ms
2021-06-02 15:15:38.132 INFO  o.s.scheduling.concurrent.ThreadPoolTaskExecutor - Initializing ExecutorService 'applicationTaskExecutor'
2021-06-02 15:15:38.395 INFO  o.s.b.d.autoconfigure.OptionalLiveReloadServer - LiveReload server is running on port 35729
2021-06-02 15:15:38.410 INFO  org.apache.coyote.http11.Http11NioProtocol - Starting ProtocolHandler ["http-nio-8080"]
2021-06-02 15:15:38.426 INFO  o.s.boot.web.embedded.tomcat.TomcatWebServer - Tomcat started on port(s): 8080 (http) with context path ''
2021-06-02 15:15:38.434 INFO  com.zestfulYoghurt.zy.ZyApplication - Started ZyApplication in 2.451 seconds (JVM running for 3.537)
2021-06-02 15:15:51.033 INFO  o.a.c.core.ContainerBase.[Tomcat].[localhost].[/] - Initializing Spring DispatcherServlet 'dispatcherServlet'
2021-06-02 15:15:51.034 INFO  org.springframework.web.servlet.DispatcherServlet - Initializing Servlet 'dispatcherServlet'
2021-06-02 15:15:51.041 INFO  org.springframework.web.servlet.DispatcherServlet - Completed initialization in 7 ms
2021-06-02 15:15:51.148 INFO  com.zaxxer.hikari.HikariDataSource - HikariPool-1 - Starting...
2021-06-02 15:15:51.307 INFO  com.zaxxer.hikari.pool.PoolBase - HikariPool-1 - Driver does not support get/set network timeout for connections. (com.mysql.jdbc.JDBC4Connection.getNetworkTimeout()I)
2021-06-02 15:15:51.312 INFO  com.zaxxer.hikari.HikariDataSource - HikariPool-1 - Start completed.
2021-06-02 15:17:56.669 INFO  com.zestfulYoghurt.zy.ZyApplication - Starting ZyApplication on zhangyi with PID 16208 (H:\AngularDemo\03_製造\web-app-serve\target\classes started by 860120017 in H:\AngularDemo\03_製造\web-app-serve)
2021-06-02 15:17:56.672 INFO  com.zestfulYoghurt.zy.ZyApplication - No active profile set, falling back to default profiles: default
2021-06-02 15:17:56.712 INFO  o.s.b.d.env.DevToolsPropertyDefaultsPostProcessor - Devtools property defaults active! Set 'spring.devtools.add-properties' to 'false' to disable
2021-06-02 15:17:56.713 INFO  o.s.b.d.env.DevToolsPropertyDefaultsPostProcessor - For additional web related logging consider setting the 'logging.level.web' property to 'DEBUG'
2021-06-02 15:17:57.369 INFO  o.s.c.s.PostProcessorRegistrationDelegate$BeanPostProcessorChecker - Bean 'shiroConfiguration' of type [com.zestfulYoghurt.zy.configuration.shiroConfiguration$$EnhancerBySpringCGLIB$$50fef863] is not eligible for getting processed by all BeanPostProcessors (for example: not eligible for auto-proxying)
2021-06-02 15:17:57.612 INFO  o.s.c.s.PostProcessorRegistrationDelegate$BeanPostProcessorChecker - Bean 'myShiroRealm' of type [com.zestfulYoghurt.zy.shiro.loginRealm] is not eligible for getting processed by all BeanPostProcessors (for example: not eligible for auto-proxying)
2021-06-02 15:17:57.614 INFO  o.s.c.s.PostProcessorRegistrationDelegate$BeanPostProcessorChecker - Bean 'securityManager' of type [org.apache.shiro.web.mgt.DefaultWebSecurityManager] is not eligible for getting processed by all BeanPostProcessors (for example: not eligible for auto-proxying)
2021-06-02 15:17:57.644 INFO  o.s.c.s.PostProcessorRegistrationDelegate$BeanPostProcessorChecker - Bean 'authorizationAttributeSourceAdvisor' of type [org.apache.shiro.spring.security.interceptor.AuthorizationAttributeSourceAdvisor] is not eligible for getting processed by all BeanPostProcessors (for example: not eligible for auto-proxying)
2021-06-02 15:17:57.861 INFO  o.s.boot.web.embedded.tomcat.TomcatWebServer - Tomcat initialized with port(s): 8080 (http)
2021-06-02 15:17:57.867 INFO  org.apache.coyote.http11.Http11NioProtocol - Initializing ProtocolHandler ["http-nio-8080"]
2021-06-02 15:17:57.867 INFO  org.apache.catalina.core.StandardService - Starting service [Tomcat]
2021-06-02 15:17:57.867 INFO  org.apache.catalina.core.StandardEngine - Starting Servlet engine: [Apache Tomcat/9.0.39]
2021-06-02 15:17:57.961 INFO  o.a.c.core.ContainerBase.[Tomcat].[localhost].[/] - Initializing Spring embedded WebApplicationContext
2021-06-02 15:17:57.961 INFO  o.s.b.w.s.c.ServletWebServerApplicationContext - Root WebApplicationContext: initialization completed in 1248 ms
2021-06-02 15:17:58.360 INFO  o.s.scheduling.concurrent.ThreadPoolTaskExecutor - Initializing ExecutorService 'applicationTaskExecutor'
2021-06-02 15:17:58.590 INFO  o.s.b.d.autoconfigure.OptionalLiveReloadServer - LiveReload server is running on port 35729
2021-06-02 15:17:58.606 INFO  org.apache.coyote.http11.Http11NioProtocol - Starting ProtocolHandler ["http-nio-8080"]
2021-06-02 15:17:58.622 INFO  o.s.boot.web.embedded.tomcat.TomcatWebServer - Tomcat started on port(s): 8080 (http) with context path ''
2021-06-02 15:17:58.630 INFO  com.zestfulYoghurt.zy.ZyApplication - Started ZyApplication in 2.347 seconds (JVM running for 3.412)
2021-06-02 15:18:06.364 INFO  o.a.c.core.ContainerBase.[Tomcat].[localhost].[/] - Initializing Spring DispatcherServlet 'dispatcherServlet'
2021-06-02 15:18:06.365 INFO  org.springframework.web.servlet.DispatcherServlet - Initializing Servlet 'dispatcherServlet'
2021-06-02 15:18:06.370 INFO  org.springframework.web.servlet.DispatcherServlet - Completed initialization in 5 ms
2021-06-02 15:18:06.465 INFO  com.zaxxer.hikari.HikariDataSource - HikariPool-1 - Starting...
2021-06-02 15:18:06.595 INFO  com.zaxxer.hikari.pool.PoolBase - HikariPool-1 - Driver does not support get/set network timeout for connections. (com.mysql.jdbc.JDBC4Connection.getNetworkTimeout()I)
2021-06-02 15:18:06.598 INFO  com.zaxxer.hikari.HikariDataSource - HikariPool-1 - Start completed.
2021-06-02 15:18:53.886 INFO  com.zestfulYoghurt.zy.ZyApplication - Starting ZyApplication on zhangyi with PID 23484 (H:\AngularDemo\03_製造\web-app-serve\target\classes started by 860120017 in H:\AngularDemo\03_製造\web-app-serve)
2021-06-02 15:18:53.889 INFO  com.zestfulYoghurt.zy.ZyApplication - No active profile set, falling back to default profiles: default
2021-06-02 15:18:53.943 INFO  o.s.b.d.env.DevToolsPropertyDefaultsPostProcessor - Devtools property defaults active! Set 'spring.devtools.add-properties' to 'false' to disable
2021-06-02 15:18:53.944 INFO  o.s.b.d.env.DevToolsPropertyDefaultsPostProcessor - For additional web related logging consider setting the 'logging.level.web' property to 'DEBUG'
2021-06-02 15:18:54.625 INFO  o.s.c.s.PostProcessorRegistrationDelegate$BeanPostProcessorChecker - Bean 'shiroConfiguration' of type [com.zestfulYoghurt.zy.configuration.shiroConfiguration$$EnhancerBySpringCGLIB$$c7a45854] is not eligible for getting processed by all BeanPostProcessors (for example: not eligible for auto-proxying)
2021-06-02 15:18:54.867 INFO  o.s.c.s.PostProcessorRegistrationDelegate$BeanPostProcessorChecker - Bean 'myShiroRealm' of type [com.zestfulYoghurt.zy.shiro.loginRealm] is not eligible for getting processed by all BeanPostProcessors (for example: not eligible for auto-proxying)
2021-06-02 15:18:54.871 INFO  o.s.c.s.PostProcessorRegistrationDelegate$BeanPostProcessorChecker - Bean 'securityManager' of type [org.apache.shiro.web.mgt.DefaultWebSecurityManager] is not eligible for getting processed by all BeanPostProcessors (for example: not eligible for auto-proxying)
2021-06-02 15:18:54.902 INFO  o.s.c.s.PostProcessorRegistrationDelegate$BeanPostProcessorChecker - Bean 'authorizationAttributeSourceAdvisor' of type [org.apache.shiro.spring.security.interceptor.AuthorizationAttributeSourceAdvisor] is not eligible for getting processed by all BeanPostProcessors (for example: not eligible for auto-proxying)
2021-06-02 15:18:55.119 INFO  o.s.boot.web.embedded.tomcat.TomcatWebServer - Tomcat initialized with port(s): 8080 (http)
2021-06-02 15:18:55.126 INFO  org.apache.coyote.http11.Http11NioProtocol - Initializing ProtocolHandler ["http-nio-8080"]
2021-06-02 15:18:55.126 INFO  org.apache.catalina.core.StandardService - Starting service [Tomcat]
2021-06-02 15:18:55.127 INFO  org.apache.catalina.core.StandardEngine - Starting Servlet engine: [Apache Tomcat/9.0.39]
2021-06-02 15:18:55.221 INFO  o.a.c.core.ContainerBase.[Tomcat].[localhost].[/] - Initializing Spring embedded WebApplicationContext
2021-06-02 15:18:55.221 INFO  o.s.b.w.s.c.ServletWebServerApplicationContext - Root WebApplicationContext: initialization completed in 1277 ms
2021-06-02 15:18:55.597 INFO  o.s.scheduling.concurrent.ThreadPoolTaskExecutor - Initializing ExecutorService 'applicationTaskExecutor'
2021-06-02 15:18:55.857 INFO  o.s.b.d.autoconfigure.OptionalLiveReloadServer - LiveReload server is running on port 35729
2021-06-02 15:18:55.872 INFO  org.apache.coyote.http11.Http11NioProtocol - Starting ProtocolHandler ["http-nio-8080"]
2021-06-02 15:18:55.889 INFO  o.s.boot.web.embedded.tomcat.TomcatWebServer - Tomcat started on port(s): 8080 (http) with context path ''
2021-06-02 15:18:55.898 INFO  com.zestfulYoghurt.zy.ZyApplication - Started ZyApplication in 2.463 seconds (JVM running for 3.337)
2021-06-02 15:19:02.702 INFO  o.a.c.core.ContainerBase.[Tomcat].[localhost].[/] - Initializing Spring DispatcherServlet 'dispatcherServlet'
2021-06-02 15:19:02.702 INFO  org.springframework.web.servlet.DispatcherServlet - Initializing Servlet 'dispatcherServlet'
2021-06-02 15:19:02.708 INFO  org.springframework.web.servlet.DispatcherServlet - Completed initialization in 6 ms
2021-06-02 15:19:02.788 INFO  com.zaxxer.hikari.HikariDataSource - HikariPool-1 - Starting...
2021-06-02 15:19:02.923 INFO  com.zaxxer.hikari.pool.PoolBase - HikariPool-1 - Driver does not support get/set network timeout for connections. (com.mysql.jdbc.JDBC4Connection.getNetworkTimeout()I)
2021-06-02 15:19:02.927 INFO  com.zaxxer.hikari.HikariDataSource - HikariPool-1 - Start completed.
2021-06-02 15:27:43.993 INFO  com.zestfulYoghurt.zy.ZyApplication - Starting ZyApplication on zhangyi with PID 21392 (H:\AngularDemo\03_製造\web-app-serve\target\classes started by 860120017 in H:\AngularDemo\03_製造\web-app-serve)
2021-06-02 15:27:43.996 INFO  com.zestfulYoghurt.zy.ZyApplication - No active profile set, falling back to default profiles: default
2021-06-02 15:27:44.057 INFO  o.s.b.d.env.DevToolsPropertyDefaultsPostProcessor - Devtools property defaults active! Set 'spring.devtools.add-properties' to 'false' to disable
2021-06-02 15:27:44.058 INFO  o.s.b.d.env.DevToolsPropertyDefaultsPostProcessor - For additional web related logging consider setting the 'logging.level.web' property to 'DEBUG'
2021-06-02 15:27:44.870 INFO  o.s.c.s.PostProcessorRegistrationDelegate$BeanPostProcessorChecker - Bean 'shiroConfiguration' of type [com.zestfulYoghurt.zy.configuration.shiroConfiguration$$EnhancerBySpringCGLIB$$9ecc311a] is not eligible for getting processed by all BeanPostProcessors (for example: not eligible for auto-proxying)
2021-06-02 15:27:45.213 INFO  o.s.c.s.PostProcessorRegistrationDelegate$BeanPostProcessorChecker - Bean 'myShiroRealm' of type [com.zestfulYoghurt.zy.shiro.loginRealm] is not eligible for getting processed by all BeanPostProcessors (for example: not eligible for auto-proxying)
2021-06-02 15:27:45.217 INFO  o.s.c.s.PostProcessorRegistrationDelegate$BeanPostProcessorChecker - Bean 'securityManager' of type [org.apache.shiro.web.mgt.DefaultWebSecurityManager] is not eligible for getting processed by all BeanPostProcessors (for example: not eligible for auto-proxying)
2021-06-02 15:27:45.260 INFO  o.s.c.s.PostProcessorRegistrationDelegate$BeanPostProcessorChecker - Bean 'authorizationAttributeSourceAdvisor' of type [org.apache.shiro.spring.security.interceptor.AuthorizationAttributeSourceAdvisor] is not eligible for getting processed by all BeanPostProcessors (for example: not eligible for auto-proxying)
2021-06-02 15:27:45.563 INFO  o.s.boot.web.embedded.tomcat.TomcatWebServer - Tomcat initialized with port(s): 8080 (http)
2021-06-02 15:27:45.571 INFO  org.apache.coyote.http11.Http11NioProtocol - Initializing ProtocolHandler ["http-nio-8080"]
2021-06-02 15:27:45.571 INFO  org.apache.catalina.core.StandardService - Starting service [Tomcat]
2021-06-02 15:27:45.572 INFO  org.apache.catalina.core.StandardEngine - Starting Servlet engine: [Apache Tomcat/9.0.39]
2021-06-02 15:27:45.693 INFO  o.a.c.core.ContainerBase.[Tomcat].[localhost].[/] - Initializing Spring embedded WebApplicationContext
2021-06-02 15:27:45.693 INFO  o.s.b.w.s.c.ServletWebServerApplicationContext - Root WebApplicationContext: initialization completed in 1634 ms
2021-06-02 15:27:46.222 INFO  o.s.scheduling.concurrent.ThreadPoolTaskExecutor - Initializing ExecutorService 'applicationTaskExecutor'
2021-06-02 15:27:46.543 INFO  o.s.b.d.autoconfigure.OptionalLiveReloadServer - LiveReload server is running on port 35729
2021-06-02 15:27:46.561 INFO  org.apache.coyote.http11.Http11NioProtocol - Starting ProtocolHandler ["http-nio-8080"]
2021-06-02 15:27:46.592 INFO  o.s.boot.web.embedded.tomcat.TomcatWebServer - Tomcat started on port(s): 8080 (http) with context path ''
2021-06-02 15:27:46.606 INFO  com.zestfulYoghurt.zy.ZyApplication - Started ZyApplication in 3.12 seconds (JVM running for 5.365)
2021-06-02 15:27:54.785 INFO  o.a.c.core.ContainerBase.[Tomcat].[localhost].[/] - Initializing Spring DispatcherServlet 'dispatcherServlet'
2021-06-02 15:27:54.785 INFO  org.springframework.web.servlet.DispatcherServlet - Initializing Servlet 'dispatcherServlet'
2021-06-02 15:27:54.792 INFO  org.springframework.web.servlet.DispatcherServlet - Completed initialization in 7 ms
2021-06-02 15:28:28.201 INFO  com.zaxxer.hikari.HikariDataSource - HikariPool-1 - Starting...
2021-06-02 15:28:28.351 INFO  com.zaxxer.hikari.pool.PoolBase - HikariPool-1 - Driver does not support get/set network timeout for connections. (com.mysql.jdbc.JDBC4Connection.getNetworkTimeout()I)
2021-06-02 15:28:28.354 INFO  com.zaxxer.hikari.HikariDataSource - HikariPool-1 - Start completed.
2021-06-02 15:32:41.917 INFO  o.s.scheduling.concurrent.ThreadPoolTaskExecutor - Shutting down ExecutorService 'applicationTaskExecutor'
2021-06-02 15:32:41.917 INFO  com.zaxxer.hikari.HikariDataSource - HikariPool-1 - Shutdown initiated...
2021-06-02 15:32:41.922 INFO  com.zaxxer.hikari.HikariDataSource - HikariPool-1 - Shutdown completed.
2021-06-02 15:32:47.342 INFO  com.zestfulYoghurt.zy.ZyApplication - Starting ZyApplication on zhangyi with PID 7816 (H:\AngularDemo\03_製造\web-app-serve\target\classes started by 860120017 in H:\AngularDemo\03_製造\web-app-serve)
2021-06-02 15:32:47.346 INFO  com.zestfulYoghurt.zy.ZyApplication - No active profile set, falling back to default profiles: default
2021-06-02 15:32:47.438 INFO  o.s.b.d.env.DevToolsPropertyDefaultsPostProcessor - Devtools property defaults active! Set 'spring.devtools.add-properties' to 'false' to disable
2021-06-02 15:32:47.438 INFO  o.s.b.d.env.DevToolsPropertyDefaultsPostProcessor - For additional web related logging consider setting the 'logging.level.web' property to 'DEBUG'
2021-06-02 15:32:48.187 INFO  o.s.c.s.PostProcessorRegistrationDelegate$BeanPostProcessorChecker - Bean 'shiroConfiguration' of type [com.zestfulYoghurt.zy.configuration.shiroConfiguration$$EnhancerBySpringCGLIB$$ebfe5fdb] is not eligible for getting processed by all BeanPostProcessors (for example: not eligible for auto-proxying)
2021-06-02 15:32:48.467 INFO  o.s.c.s.PostProcessorRegistrationDelegate$BeanPostProcessorChecker - Bean 'myShiroRealm' of type [com.zestfulYoghurt.zy.shiro.loginRealm] is not eligible for getting processed by all BeanPostProcessors (for example: not eligible for auto-proxying)
2021-06-02 15:32:48.470 INFO  o.s.c.s.PostProcessorRegistrationDelegate$BeanPostProcessorChecker - Bean 'securityManager' of type [org.apache.shiro.web.mgt.DefaultWebSecurityManager] is not eligible for getting processed by all BeanPostProcessors (for example: not eligible for auto-proxying)
2021-06-02 15:32:48.512 INFO  o.s.c.s.PostProcessorRegistrationDelegate$BeanPostProcessorChecker - Bean 'authorizationAttributeSourceAdvisor' of type [org.apache.shiro.spring.security.interceptor.AuthorizationAttributeSourceAdvisor] is not eligible for getting processed by all BeanPostProcessors (for example: not eligible for auto-proxying)
2021-06-02 15:32:48.782 INFO  o.s.boot.web.embedded.tomcat.TomcatWebServer - Tomcat initialized with port(s): 8080 (http)
2021-06-02 15:32:48.791 INFO  org.apache.coyote.http11.Http11NioProtocol - Initializing ProtocolHandler ["http-nio-8080"]
2021-06-02 15:32:48.792 INFO  org.apache.catalina.core.StandardService - Starting service [Tomcat]
2021-06-02 15:32:48.792 INFO  org.apache.catalina.core.StandardEngine - Starting Servlet engine: [Apache Tomcat/9.0.39]
2021-06-02 15:32:48.891 INFO  o.a.c.core.ContainerBase.[Tomcat].[localhost].[/] - Initializing Spring embedded WebApplicationContext
2021-06-02 15:32:48.892 INFO  o.s.b.w.s.c.ServletWebServerApplicationContext - Root WebApplicationContext: initialization completed in 1453 ms
2021-06-02 15:32:49.447 INFO  o.s.scheduling.concurrent.ThreadPoolTaskExecutor - Initializing ExecutorService 'applicationTaskExecutor'
2021-06-02 15:32:49.690 INFO  o.s.b.d.autoconfigure.OptionalLiveReloadServer - LiveReload server is running on port 35729
2021-06-02 15:32:49.709 INFO  org.apache.coyote.http11.Http11NioProtocol - Starting ProtocolHandler ["http-nio-8080"]
2021-06-02 15:32:49.731 INFO  o.s.boot.web.embedded.tomcat.TomcatWebServer - Tomcat started on port(s): 8080 (http) with context path ''
2021-06-02 15:32:49.741 INFO  com.zestfulYoghurt.zy.ZyApplication - Started ZyApplication in 3.01 seconds (JVM running for 4.03)
2021-06-02 15:33:00.451 INFO  o.a.c.core.ContainerBase.[Tomcat].[localhost].[/] - Initializing Spring DispatcherServlet 'dispatcherServlet'
2021-06-02 15:33:00.451 INFO  org.springframework.web.servlet.DispatcherServlet - Initializing Servlet 'dispatcherServlet'
2021-06-02 15:33:00.458 INFO  org.springframework.web.servlet.DispatcherServlet - Completed initialization in 7 ms
2021-06-02 15:33:02.430 INFO  com.zaxxer.hikari.HikariDataSource - HikariPool-1 - Starting...
2021-06-02 15:33:02.572 INFO  com.zaxxer.hikari.pool.PoolBase - HikariPool-1 - Driver does not support get/set network timeout for connections. (com.mysql.jdbc.JDBC4Connection.getNetworkTimeout()I)
2021-06-02 15:33:02.576 INFO  com.zaxxer.hikari.HikariDataSource - HikariPool-1 - Start completed.
2021-06-02 16:43:31.641 INFO  o.s.scheduling.concurrent.ThreadPoolTaskExecutor - Shutting down ExecutorService 'applicationTaskExecutor'
2021-06-02 16:43:31.642 INFO  com.zaxxer.hikari.HikariDataSource - HikariPool-1 - Shutdown initiated...
2021-06-02 16:43:31.649 INFO  com.zaxxer.hikari.HikariDataSource - HikariPool-1 - Shutdown completed.
2021-06-02 16:43:41.025 INFO  com.zestfulYoghurt.zy.ZyApplication - Starting ZyApplication on zhangyi with PID 11252 (H:\AngularDemo\03_製造\web-app-serve\target\classes started by 860120017 in H:\AngularDemo\03_製造\web-app-serve)
2021-06-02 16:43:41.028 INFO  com.zestfulYoghurt.zy.ZyApplication - No active profile set, falling back to default profiles: default
2021-06-02 16:43:41.091 INFO  o.s.b.d.env.DevToolsPropertyDefaultsPostProcessor - Devtools property defaults active! Set 'spring.devtools.add-properties' to 'false' to disable
2021-06-02 16:43:41.092 INFO  o.s.b.d.env.DevToolsPropertyDefaultsPostProcessor - For additional web related logging consider setting the 'logging.level.web' property to 'DEBUG'
2021-06-02 16:43:41.916 INFO  o.s.c.s.PostProcessorRegistrationDelegate$BeanPostProcessorChecker - Bean 'shiroConfiguration' of type [com.zestfulYoghurt.zy.configuration.shiroConfiguration$$EnhancerBySpringCGLIB$$ae636e3] is not eligible for getting processed by all BeanPostProcessors (for example: not eligible for auto-proxying)
2021-06-02 16:43:42.244 INFO  o.s.c.s.PostProcessorRegistrationDelegate$BeanPostProcessorChecker - Bean 'myShiroRealm' of type [com.zestfulYoghurt.zy.shiro.loginRealm] is not eligible for getting processed by all BeanPostProcessors (for example: not eligible for auto-proxying)
2021-06-02 16:43:42.247 INFO  o.s.c.s.PostProcessorRegistrationDelegate$BeanPostProcessorChecker - Bean 'securityManager' of type [org.apache.shiro.web.mgt.DefaultWebSecurityManager] is not eligible for getting processed by all BeanPostProcessors (for example: not eligible for auto-proxying)
2021-06-02 16:43:42.286 INFO  o.s.c.s.PostProcessorRegistrationDelegate$BeanPostProcessorChecker - Bean 'authorizationAttributeSourceAdvisor' of type [org.apache.shiro.spring.security.interceptor.AuthorizationAttributeSourceAdvisor] is not eligible for getting processed by all BeanPostProcessors (for example: not eligible for auto-proxying)
2021-06-02 16:43:42.565 INFO  o.s.boot.web.embedded.tomcat.TomcatWebServer - Tomcat initialized with port(s): 8080 (http)
2021-06-02 16:43:42.573 INFO  org.apache.coyote.http11.Http11NioProtocol - Initializing ProtocolHandler ["http-nio-8080"]
2021-06-02 16:43:42.574 INFO  org.apache.catalina.core.StandardService - Starting service [Tomcat]
2021-06-02 16:43:42.574 INFO  org.apache.catalina.core.StandardEngine - Starting Servlet engine: [Apache Tomcat/9.0.39]
2021-06-02 16:43:42.672 INFO  o.a.c.core.ContainerBase.[Tomcat].[localhost].[/] - Initializing Spring embedded WebApplicationContext
2021-06-02 16:43:42.672 INFO  o.s.b.w.s.c.ServletWebServerApplicationContext - Root WebApplicationContext: initialization completed in 1580 ms
2021-06-02 16:43:43.172 INFO  o.s.scheduling.concurrent.ThreadPoolTaskExecutor - Initializing ExecutorService 'applicationTaskExecutor'
2021-06-02 16:43:43.451 INFO  o.s.b.d.autoconfigure.OptionalLiveReloadServer - LiveReload server is running on port 35729
2021-06-02 16:43:43.469 INFO  org.apache.coyote.http11.Http11NioProtocol - Starting ProtocolHandler ["http-nio-8080"]
2021-06-02 16:43:43.490 INFO  o.s.boot.web.embedded.tomcat.TomcatWebServer - Tomcat started on port(s): 8080 (http) with context path ''
2021-06-02 16:43:43.499 INFO  com.zestfulYoghurt.zy.ZyApplication - Started ZyApplication in 3.006 seconds (JVM running for 5.107)
2021-06-02 16:43:50.924 INFO  o.a.c.core.ContainerBase.[Tomcat].[localhost].[/] - Initializing Spring DispatcherServlet 'dispatcherServlet'
2021-06-02 16:43:50.925 INFO  org.springframework.web.servlet.DispatcherServlet - Initializing Servlet 'dispatcherServlet'
2021-06-02 16:43:50.931 INFO  org.springframework.web.servlet.DispatcherServlet - Completed initialization in 6 ms
2021-06-02 16:43:53.062 INFO  com.zaxxer.hikari.HikariDataSource - HikariPool-1 - Starting...
2021-06-02 16:43:53.232 INFO  com.zaxxer.hikari.pool.PoolBase - HikariPool-1 - Driver does not support get/set network timeout for connections. (com.mysql.jdbc.JDBC4Connection.getNetworkTimeout()I)
2021-06-02 16:43:53.250 INFO  com.zaxxer.hikari.HikariDataSource - HikariPool-1 - Start completed.
2021-06-02 16:46:26.753 INFO  o.s.scheduling.concurrent.ThreadPoolTaskExecutor - Shutting down ExecutorService 'applicationTaskExecutor'
2021-06-02 16:46:26.754 INFO  com.zaxxer.hikari.HikariDataSource - HikariPool-1 - Shutdown initiated...
2021-06-02 16:46:26.759 INFO  com.zaxxer.hikari.HikariDataSource - HikariPool-1 - Shutdown completed.
2021-06-02 16:46:32.375 INFO  com.zestfulYoghurt.zy.ZyApplication - Starting ZyApplication on zhangyi with PID 21420 (H:\AngularDemo\03_製造\web-app-serve\target\classes started by 860120017 in H:\AngularDemo\03_製造\web-app-serve)
2021-06-02 16:46:32.378 INFO  com.zestfulYoghurt.zy.ZyApplication - No active profile set, falling back to default profiles: default
2021-06-02 16:46:32.442 INFO  o.s.b.d.env.DevToolsPropertyDefaultsPostProcessor - Devtools property defaults active! Set 'spring.devtools.add-properties' to 'false' to disable
2021-06-02 16:46:32.442 INFO  o.s.b.d.env.DevToolsPropertyDefaultsPostProcessor - For additional web related logging consider setting the 'logging.level.web' property to 'DEBUG'
2021-06-02 16:46:33.435 INFO  o.s.c.s.PostProcessorRegistrationDelegate$BeanPostProcessorChecker - Bean 'shiroConfiguration' of type [com.zestfulYoghurt.zy.configuration.shiroConfiguration$$EnhancerBySpringCGLIB$$1844fcc1] is not eligible for getting processed by all BeanPostProcessors (for example: not eligible for auto-proxying)
2021-06-02 16:46:33.798 INFO  o.s.c.s.PostProcessorRegistrationDelegate$BeanPostProcessorChecker - Bean 'myShiroRealm' of type [com.zestfulYoghurt.zy.shiro.loginRealm] is not eligible for getting processed by all BeanPostProcessors (for example: not eligible for auto-proxying)
2021-06-02 16:46:33.803 INFO  o.s.c.s.PostProcessorRegistrationDelegate$BeanPostProcessorChecker - Bean 'securityManager' of type [org.apache.shiro.web.mgt.DefaultWebSecurityManager] is not eligible for getting processed by all BeanPostProcessors (for example: not eligible for auto-proxying)
2021-06-02 16:46:33.849 INFO  o.s.c.s.PostProcessorRegistrationDelegate$BeanPostProcessorChecker - Bean 'authorizationAttributeSourceAdvisor' of type [org.apache.shiro.spring.security.interceptor.AuthorizationAttributeSourceAdvisor] is not eligible for getting processed by all BeanPostProcessors (for example: not eligible for auto-proxying)
2021-06-02 16:46:34.128 INFO  o.s.boot.web.embedded.tomcat.TomcatWebServer - Tomcat initialized with port(s): 8080 (http)
2021-06-02 16:46:34.136 INFO  org.apache.coyote.http11.Http11NioProtocol - Initializing ProtocolHandler ["http-nio-8080"]
2021-06-02 16:46:34.137 INFO  org.apache.catalina.core.StandardService - Starting service [Tomcat]
2021-06-02 16:46:34.137 INFO  org.apache.catalina.core.StandardEngine - Starting Servlet engine: [Apache Tomcat/9.0.39]
2021-06-02 16:46:34.248 INFO  o.a.c.core.ContainerBase.[Tomcat].[localhost].[/] - Initializing Spring embedded WebApplicationContext
2021-06-02 16:46:34.248 INFO  o.s.b.w.s.c.ServletWebServerApplicationContext - Root WebApplicationContext: initialization completed in 1805 ms
2021-06-02 16:46:34.807 INFO  o.s.scheduling.concurrent.ThreadPoolTaskExecutor - Initializing ExecutorService 'applicationTaskExecutor'
2021-06-02 16:46:35.040 INFO  o.s.b.d.autoconfigure.OptionalLiveReloadServer - LiveReload server is running on port 35729
2021-06-02 16:46:35.057 INFO  org.apache.coyote.http11.Http11NioProtocol - Starting ProtocolHandler ["http-nio-8080"]
2021-06-02 16:46:35.078 INFO  o.s.boot.web.embedded.tomcat.TomcatWebServer - Tomcat started on port(s): 8080 (http) with context path ''
2021-06-02 16:46:35.089 INFO  com.zestfulYoghurt.zy.ZyApplication - Started ZyApplication in 3.243 seconds (JVM running for 4.258)
2021-06-02 16:46:42.747 INFO  o.a.c.core.ContainerBase.[Tomcat].[localhost].[/] - Initializing Spring DispatcherServlet 'dispatcherServlet'
2021-06-02 16:46:42.747 INFO  org.springframework.web.servlet.DispatcherServlet - Initializing Servlet 'dispatcherServlet'
2021-06-02 16:46:42.753 INFO  org.springframework.web.servlet.DispatcherServlet - Completed initialization in 6 ms
2021-06-02 16:46:44.897 INFO  com.zaxxer.hikari.HikariDataSource - HikariPool-1 - Starting...
2021-06-02 16:46:45.047 INFO  com.zaxxer.hikari.pool.PoolBase - HikariPool-1 - Driver does not support get/set network timeout for connections. (com.mysql.jdbc.JDBC4Connection.getNetworkTimeout()I)
2021-06-02 16:46:45.051 INFO  com.zaxxer.hikari.HikariDataSource - HikariPool-1 - Start completed.
2021-06-02 17:54:14.637 INFO  o.s.scheduling.concurrent.ThreadPoolTaskExecutor - Shutting down ExecutorService 'applicationTaskExecutor'
2021-06-02 17:54:14.637 INFO  com.zaxxer.hikari.HikariDataSource - HikariPool-1 - Shutdown initiated...
2021-06-02 17:54:14.641 INFO  com.zaxxer.hikari.HikariDataSource - HikariPool-1 - Shutdown completed.
